<?xml version="1.0" encoding="UTF-8"?>
<!-- Generated by org.testng.reporters.JUnitXMLReporter -->
<testsuite ignored="2" hostname="DESKTOP-BFFJCC7" failures="0" tests="2" name="Test" time="31.643" errors="0" timestamp="08 Feb 2023 03:21:10 GMT">
  <testcase classname="com.ii.qa.testcases.LoginTest" name="Login" time="8.231"/>
  <testcase classname="com.ii.qa.testcases.ButtonTC.CheckBoxTestCases" name="checkbox" time="23.374"/>
  <testcase classname="com.ii.qa.base.Driverinitialization" name="@AfterSuite closeChrome" time="0.0">
    <ignored/>
  </testcase> <!-- @AfterSuite closeChrome -->
  <testcase classname="com.ii.qa.base.Driverinitialization" name="@BeforeSuite main" time="0.0">
    <ignored/>
  </testcase> <!-- @BeforeSuite main -->
</testsuite> <!-- Test -->
