<?xml version="1.0" encoding="UTF-8"?>
<!-- Generated by org.testng.reporters.JUnitXMLReporter -->
<testsuite ignored="2" hostname="DESKTOP-BFFJCC7" failures="0" tests="2" name="Test" time="27.183" errors="0" timestamp="27 Jan 2023 11:52:55 GMT">
  <testcase classname="com.ii.qa.testcases.LoginTest" name="Login" time="9.092"/>
  <testcase classname="com.ii.qa.testcases.MaterialMainCategoryButtonTestCases" name="MMCPage" time="18.02"/>
  <testcase classname="com.ii.qa.base.Driverinitialization" name="@AfterSuite closeChrome" time="0.0">
    <ignored/>
  </testcase> <!-- @AfterSuite closeChrome -->
  <testcase classname="com.ii.qa.base.Driverinitialization" name="@BeforeSuite main" time="0.0">
    <ignored/>
  </testcase> <!-- @BeforeSuite main -->
</testsuite> <!-- Test -->
