<?xml version="1.0" encoding="UTF-8"?>
<testng-results ignored="2" total="4" passed="2" failed="0" skipped="0">
  <reporter-output>
  </reporter-output>
  <suite started-at="2023-01-27T11:52:27Z" name="Suite" finished-at="2023-01-27T11:52:55Z" duration-ms="27183">
    <groups>
    </groups>
    <test started-at="2023-01-27T11:52:27Z" name="Test" finished-at="2023-01-27T11:52:55Z" duration-ms="27183">
      <class name="com.ii.qa.testcases.MaterialMainCategoryButtonTestCases">
        <test-method signature="MMCPage()[pri:0, instance:com.ii.qa.testcases.MaterialMainCategoryButtonTestCases@7ca0863b]" started-at="2023-01-27T11:52:37Z" name="MMCPage" finished-at="2023-01-27T11:52:55Z" duration-ms="18020" status="PASS">
          <reporter-output>
          </reporter-output>
        </test-method> <!-- MMCPage -->
      </class> <!-- com.ii.qa.testcases.MaterialMainCategoryButtonTestCases -->
      <class name="com.ii.qa.testcases.LoginTest">
        <test-method is-config="true" signature="main()[pri:0, instance:com.ii.qa.testcases.LoginTest@529cfee5]" started-at="2023-01-27T11:52:23Z" name="main" finished-at="2023-01-27T11:52:27Z" duration-ms="4826" status="PASS">
          <reporter-output>
          </reporter-output>
        </test-method> <!-- main -->
        <test-method signature="Login()[pri:0, instance:com.ii.qa.testcases.LoginTest@529cfee5]" started-at="2023-01-27T11:52:27Z" name="Login" finished-at="2023-01-27T11:52:37Z" duration-ms="9092" status="PASS">
          <reporter-output>
          </reporter-output>
        </test-method> <!-- Login -->
        <test-method is-config="true" signature="closeChrome()[pri:0, instance:com.ii.qa.testcases.LoginTest@529cfee5]" started-at="2023-01-27T11:52:55Z" name="closeChrome" finished-at="2023-01-27T11:52:56Z" duration-ms="939" status="PASS">
          <reporter-output>
          </reporter-output>
        </test-method> <!-- closeChrome -->
      </class> <!-- com.ii.qa.testcases.LoginTest -->
    </test> <!-- Test -->
  </suite> <!-- Suite -->
</testng-results>
